<?xml version="1.0" encoding="UTF-8"?>
<testng-results ignored="0" total="2" passed="2" failed="0" skipped="0">
  <reporter-output>
  </reporter-output>
  <suite started-at="2025-01-26T23:04:44 IST" name="Default suite" finished-at="2025-01-26T23:05:03 IST" duration-ms="18673">
    <groups>
      <group name="cucumber">
        <method signature="AbstractTestNGCucumberTests.runScenario(io.cucumber.testng.PickleWrapper,io.cucumber.testng.FeatureWrapper)[pri:0, instance:RunnerClass.MyRunner@1e6a3214]" name="runScenario" class="io.cucumber.testng.AbstractTestNGCucumberTests"/>
      </group> <!-- cucumber -->
    </groups>
    <test started-at="2025-01-26T23:04:44 IST" name="Default test" finished-at="2025-01-26T23:05:03 IST" duration-ms="18673">
      <class name="RunnerClass.MyRunner">
        <test-method is-config="true" signature="setUpClass()[pri:0, instance:RunnerClass.MyRunner@1e6a3214]" started-at="2025-01-26T23:04:44 IST" name="setUpClass" finished-at="2025-01-26T23:04:45 IST" duration-ms="390" status="PASS">
          <reporter-output>
          </reporter-output>
        </test-method> <!-- setUpClass -->
        <test-method signature="runScenario(io.cucumber.testng.PickleWrapper,io.cucumber.testng.FeatureWrapper)[pri:0, instance:RunnerClass.MyRunner@1e6a3214]" started-at="2025-01-26T23:04:45 IST" name="runScenario" description="Runs Cucumber Scenarios" data-provider="scenarios" finished-at="2025-01-26T23:04:56 IST" duration-ms="11165" status="PASS">
          <params>
            <param index="0">
              <value>
                <![CDATA["Login to orangeHRM"]]>
              </value>
            </param>
            <param index="1">
              <value>
                <![CDATA["Optional[Login page]"]]>
              </value>
            </param>
          </params>
          <reporter-output>
          </reporter-output>
        </test-method> <!-- runScenario -->
        <test-method signature="runScenario(io.cucumber.testng.PickleWrapper,io.cucumber.testng.FeatureWrapper)[pri:0, instance:RunnerClass.MyRunner@1e6a3214]" started-at="2025-01-26T23:04:56 IST" name="runScenario" description="Runs Cucumber Scenarios" data-provider="scenarios" finished-at="2025-01-26T23:05:03 IST" duration-ms="7048" status="PASS">
          <params>
            <param index="0">
              <value>
                <![CDATA["Login to orangeHRM"]]>
              </value>
            </param>
            <param index="1">
              <value>
                <![CDATA["Optional[Login page]"]]>
              </value>
            </param>
          </params>
          <reporter-output>
          </reporter-output>
        </test-method> <!-- runScenario -->
        <test-method is-config="true" signature="tearDownClass()[pri:0, instance:RunnerClass.MyRunner@1e6a3214]" started-at="2025-01-26T23:05:03 IST" name="tearDownClass" finished-at="2025-01-26T23:05:03 IST" duration-ms="21" status="PASS">
          <reporter-output>
          </reporter-output>
        </test-method> <!-- tearDownClass -->
      </class> <!-- RunnerClass.MyRunner -->
    </test> <!-- Default test -->
  </suite> <!-- Default suite -->
</testng-results>
